2025-05-18 21:41:56,176 - INFO - Script iniciado a las 2025-05-18 21:41:56
2025-05-18 21:41:56,181 - INFO - El token de credenciales es válido hasta: 2025-05-18 20:24:30
2025-05-18 21:41:56,986 - INFO - Archivo descargado: 20250516 Mercadona 83,17 €.pdf
2025-05-18 21:41:57,392 - INFO - Total de archivos descargados: 1
2025-05-18 21:41:57,395 - INFO - Script finalizado a las 2025-05-18 21:41:57 (Duración total: 0:00:01.219664)
2025-05-18 21:46:04,101 - INFO - Script iniciado a las 2025-05-18 21:46:04
2025-05-18 21:46:04,105 - INFO - El token de credenciales es válido hasta: 2025-05-18 20:24:30
2025-05-18 21:46:04,991 - INFO - Archivo descargado: 20250515 Mercadona 30,06 €.pdf
2025-05-18 21:46:05,391 - INFO - Total de archivos descargados: 1
2025-05-18 21:46:05,394 - INFO - Script finalizado a las 2025-05-18 21:46:05 (Duración total: 0:00:01.293842)
2025-05-20 15:27:44,447 - INFO - Script iniciado a las 2025-05-20 15:27:44
2025-05-20 15:27:44,716 - INFO - El token de credenciales es válido hasta: 2025-05-20 14:27:43
2025-05-20 15:27:46,259 - INFO - Archivo descargado: 20250519 Mercadona 12,50 €.pdf
2025-05-20 15:27:46,867 - INFO - Total de archivos descargados: 1
2025-05-20 15:27:46,871 - INFO - Script finalizado a las 2025-05-20 15:27:46 (Duración total: 0:00:02.424184)
2025-05-24 12:27:02,118 - INFO - Script iniciado a las 2025-05-24 12:27:02
2025-05-24 12:27:02,569 - INFO - El token de credenciales es válido hasta: 2025-05-24 11:27:01
2025-05-24 12:27:03,602 - INFO - Archivo descargado: 20250523 Mercadona 11,62 €.pdf
2025-05-24 12:27:03,987 - INFO - Total de archivos descargados: 1
2025-05-24 12:27:03,990 - INFO - Script finalizado a las 2025-05-24 12:27:03 (Duración total: 0:00:01.872779)
2025-05-24 12:35:54,006 - INFO - Script iniciado a las 2025-05-24 12:35:54
2025-05-24 12:35:54,009 - INFO - El token de credenciales es válido hasta: 2025-05-24 11:27:01
2025-05-24 12:35:55,088 - INFO - Archivo descargado: 20250514 Mercadona 4,45 €.pdf
2025-05-24 12:35:55,431 - INFO - Total de archivos descargados: 1
2025-05-24 12:35:55,433 - INFO - Script finalizado a las 2025-05-24 12:35:55 (Duración total: 0:00:01.427631)
2025-05-24 12:53:59,102 - INFO - Script iniciado a las 2025-05-24 12:53:59
2025-05-24 12:53:59,105 - INFO - El token de credenciales es válido hasta: 2025-05-24 11:27:01
2025-05-24 12:54:00,224 - INFO - Archivo descargado: 20250515 Mercadona 0,90 €.pdf
2025-05-24 12:54:00,623 - INFO - Total de archivos descargados: 1
2025-05-24 12:54:00,626 - INFO - Script finalizado a las 2025-05-24 12:54:00 (Duración total: 0:00:01.524250)
2025-05-24 13:46:14,498 - INFO - Script iniciado a las 2025-05-24 13:46:14
2025-05-24 13:46:14,808 - INFO - El token de credenciales es válido hasta: 2025-05-24 12:46:13
2025-05-24 13:46:15,856 - INFO - Archivo descargado: 20250318 Mercadona 16,92 €.pdf
2025-05-24 13:46:16,777 - INFO - Archivo descargado: 20250325 Mercadona 11,56 €.pdf
2025-05-24 13:46:17,766 - INFO - Archivo descargado: 20250327 Mercadona 22,80 €.pdf
2025-05-24 13:46:18,819 - INFO - Archivo descargado: 20250401 Mercadona 14,07 €.pdf
2025-05-24 13:46:19,674 - INFO - Archivo descargado: 20250408 Mercadona 5,06 €.pdf
2025-05-24 13:46:20,043 - INFO - Total de archivos descargados: 5
2025-05-24 13:46:20,046 - INFO - Script finalizado a las 2025-05-24 13:46:20 (Duración total: 0:00:05.548297)
2025-05-24 16:44:25,677 - INFO - Script iniciado a las 2025-05-24 16:44:25
2025-05-24 16:44:26,033 - INFO - El token de credenciales es válido hasta: 2025-05-24 15:44:25
2025-05-24 16:44:27,073 - INFO - Archivo descargado: 20250524 Mercadona 5,88 €.pdf
2025-05-24 16:44:28,158 - INFO - Archivo descargado: 20250524 Mercadona 48,47 €.pdf
2025-05-24 16:44:28,982 - INFO - Archivo descargado: 20250524 Mercadona 12,00 €.pdf
2025-05-24 16:44:29,309 - INFO - Total de archivos descargados: 3
2025-05-24 16:44:29,312 - INFO - Script finalizado a las 2025-05-24 16:44:29 (Duración total: 0:00:03.636196)
2025-05-28 19:11:27,714 - INFO - Script iniciado a las 2025-05-28 19:11:27
